1701349946806	geckodriver	INFO	Listening on 127.0.0.1:50383
1701349947318	mozrunner::runner	INFO	Running command: "C:\\Program Files\\Mozilla Firefox\\firefox.exe" "--marionette" "--remote-debugging-port" "50384" "--remote-allow-hosts" "localhost" "-no-remote" "-profile" "C:\\Users\\VDI-ST~1\\AppData\\Local\\Temp\\rust_mozprofileeLzt9t"
console.warn: services.settings: Ignoring preference override of remote settings server
console.warn: services.settings: Allow by setting MOZ_REMOTE_SETTINGS_DEVTOOLS=1 in the environment
1701349947877	Marionette	INFO	Marionette enabled
Dynamically enable window occlusion 0
1701349947965	Marionette	INFO	Listening on port 50389
WebDriver BiDi listening on ws://127.0.0.1:50384
Read port: 50389
1701349948152	RemoteAgent	WARN	TLS certificate errors will be ignored for this session
DevTools listening on ws://127.0.0.1:50384/devtools/browser/73db7bd0-2fca-40a6-a948-59c2189a78d0
1701349979500	addons.xpi	ERROR	System addon update list error SyntaxError: XMLHttpRequest.open: 'http://%(server)s/dummy-system-addons.xml' is not a valid URL.
JavaScript warning: https://pagead2.googlesyndication.com/bg/AX3dw4l-chShuz7KlUyOrqJTCrFFfFTQ1_DS3LGhDvc.js line 2 > eval line 5200 > eval line 1 > eval line 1 > eval, line 1: WEBGL_debug_renderer_info is deprecated in Firefox and will be removed. Please use RENDERER.
JavaScript warning: https://pagead2.googlesyndication.com/bg/AX3dw4l-chShuz7KlUyOrqJTCrFFfFTQ1_DS3LGhDvc.js line 2 > eval line 7819 > eval line 1 > eval line 1 > eval, line 1: WEBGL_debug_renderer_info is deprecated in Firefox and will be removed. Please use RENDERER.
JavaScript warning: https://pagead2.googlesyndication.com/bg/AX3dw4l-chShuz7KlUyOrqJTCrFFfFTQ1_DS3LGhDvc.js line 2 > eval line 1932 > eval line 1 > eval line 1 > eval, line 1: WEBGL_debug_renderer_info is deprecated in Firefox and will be removed. Please use RENDERER.
JavaScript warning: https://pagead2.googlesyndication.com/bg/AX3dw4l-chShuz7KlUyOrqJTCrFFfFTQ1_DS3LGhDvc.js line 2 > eval line 3015 > eval line 1 > eval line 1 > eval, line 1: WEBGL_debug_renderer_info is deprecated in Firefox and will be removed. Please use RENDERER.
JavaScript warning: https://pagead2.googlesyndication.com/bg/AX3dw4l-chShuz7KlUyOrqJTCrFFfFTQ1_DS3LGhDvc.js line 2 > eval line 1694 > eval line 1 > eval line 1 > eval, line 1: WEBGL_debug_renderer_info is deprecated in Firefox and will be removed. Please use RENDERER.
JavaScript warning: https://edipresse.hit.gemius.pl/xgemius.js, line 1531: Script terminated by timeout at:
GemiusHitcolConnector/this.tfp_send_fixes@https://edipresse.hit.gemius.pl/xgemius.js:1531:3
GemiusHitcolConnector/this.unload@https://edipresse.hit.gemius.pl/xgemius.js:776:10
GemiusHitcolConnector/this.pagehide@https://edipresse.hit.gemius.pl/xgemius.js:816:9
GemiusHitcolConnector/this.bind/<@https://edipresse.hit.gemius.pl/xgemius.js:448:15

1701350026495	Marionette	INFO	Stopped listening on port 50389
Dynamically enable window occlusion 1
JavaScript error: , line 0: TypeError: NetworkError when attempting to fetch resource.
JavaScript error: , line 0: TypeError: NetworkError when attempting to fetch resource.
JavaScript error: , line 0: TypeError: NetworkError when attempting to fetch resource.
JavaScript error: , line 0: TypeError: NetworkError when attempting to fetch resource.
