1701350117440	geckodriver	INFO	Listening on 127.0.0.1:50605
1701350117954	mozrunner::runner	INFO	Running command: "C:\\Program Files\\Mozilla Firefox\\firefox.exe" "--marionette" "--remote-debugging-port" "50606" "--remote-allow-hosts" "localhost" "-no-remote" "-profile" "C:\\Users\\VDI-ST~1\\AppData\\Local\\Temp\\rust_mozprofileIE9Fx0"
console.warn: services.settings: Ignoring preference override of remote settings server
console.warn: services.settings: Allow by setting MOZ_REMOTE_SETTINGS_DEVTOOLS=1 in the environment
1701350118512	Marionette	INFO	Marionette enabled
Dynamically enable window occlusion 0
1701350118597	Marionette	INFO	Listening on port 50611
WebDriver BiDi listening on ws://127.0.0.1:50606
Read port: 50611
1701350118787	RemoteAgent	WARN	TLS certificate errors will be ignored for this session
DevTools listening on ws://127.0.0.1:50606/devtools/browser/5812542c-a2cb-4d8e-a3b1-5ac1dee931ee
1701350148543	addons.xpi	ERROR	System addon update list error SyntaxError: XMLHttpRequest.open: 'http://%(server)s/dummy-system-addons.xml' is not a valid URL.
JavaScript warning: https://pagead2.googlesyndication.com/bg/AX3dw4l-chShuz7KlUyOrqJTCrFFfFTQ1_DS3LGhDvc.js line 2 > eval line 6277 > eval line 1 > eval line 1 > eval, line 1: WEBGL_debug_renderer_info is deprecated in Firefox and will be removed. Please use RENDERER.
JavaScript warning: https://pagead2.googlesyndication.com/bg/AX3dw4l-chShuz7KlUyOrqJTCrFFfFTQ1_DS3LGhDvc.js line 2 > eval line 3389 > eval line 1 > eval line 1 > eval, line 1: WEBGL_debug_renderer_info is deprecated in Firefox and will be removed. Please use RENDERER.
JavaScript warning: https://pagead2.googlesyndication.com/bg/AX3dw4l-chShuz7KlUyOrqJTCrFFfFTQ1_DS3LGhDvc.js line 2 > eval line 7468 > eval line 1 > eval line 1 > eval, line 1: WEBGL_debug_renderer_info is deprecated in Firefox and will be removed. Please use RENDERER.
JavaScript warning: https://www.googletagmanager.com/gtag/js?id=G-P2XTZ7CCJ2&l=dataLayer&cx=c, line 515: Script terminated by timeout at:
aa.uh@https://www.googletagmanager.com/gtag/js?id=G-P2XTZ7CCJ2&l=dataLayer&cx=c:515:42
get@https://www.googletagmanager.com/gtag/js?id=G-P2XTZ7CCJ2&l=dataLayer&cx=c:513:119
stop@https://www.googletagmanager.com/gtag/js?id=G-P2XTZ7CCJ2&l=dataLayer&cx=c:513:87
aa.Ik/c/<@https://www.googletagmanager.com/gtag/js?id=G-P2XTZ7CCJ2&l=dataLayer&cx=c:513:412

[GFX1-]: Failed to connect WebRenderBridgeChild. isParent=false
1701350155959	Marionette	INFO	Stopped listening on port 50611
Dynamically enable window occlusion 1
JavaScript error: , line 0: TypeError: NetworkError when attempting to fetch resource.
JavaScript error: , line 0: TypeError: NetworkError when attempting to fetch resource.
