1701349875196	geckodriver	INFO	Listening on 127.0.0.1:50309
1701349875715	mozrunner::runner	INFO	Running command: "C:\\Program Files\\Mozilla Firefox\\firefox.exe" "--marionette" "--remote-debugging-port" "50310" "--remote-allow-hosts" "localhost" "-no-remote" "-profile" "C:\\Users\\VDI-ST~1\\AppData\\Local\\Temp\\rust_mozprofileJ7UUxA"
console.warn: services.settings: Ignoring preference override of remote settings server
console.warn: services.settings: Allow by setting MOZ_REMOTE_SETTINGS_DEVTOOLS=1 in the environment
1701349876267	Marionette	INFO	Marionette enabled
Dynamically enable window occlusion 0
1701349876367	Marionette	INFO	Listening on port 50315
WebDriver BiDi listening on ws://127.0.0.1:50310
Read port: 50315
1701349876564	RemoteAgent	WARN	TLS certificate errors will be ignored for this session
DevTools listening on ws://127.0.0.1:50310/devtools/browser/b96e6a65-d08e-402f-9cd6-6b1a8e616889
1701349906398	addons.xpi	ERROR	System addon update list error SyntaxError: XMLHttpRequest.open: 'http://%(server)s/dummy-system-addons.xml' is not a valid URL.
JavaScript warning: https://edipresse.hit.gemius.pl/xgemius.js, line 1531: Script terminated by timeout at:
GemiusHitcolConnector/this.tfp_send_fixes@https://edipresse.hit.gemius.pl/xgemius.js:1531:3
GemiusHitcolConnector/this.unload@https://edipresse.hit.gemius.pl/xgemius.js:776:10
GemiusHitcolConnector/this.pagehide@https://edipresse.hit.gemius.pl/xgemius.js:816:9
GemiusHitcolConnector/this.bind/<@https://edipresse.hit.gemius.pl/xgemius.js:448:15

JavaScript error: resource://gre/modules/AsyncShutdown.sys.mjs, line 573: NotFoundError: No such JSWindowActor 'DevToolsFrame'
JavaScript error: resource://gre/modules/AsyncShutdown.sys.mjs, line 573: NotFoundError: No such JSWindowActor 'DevToolsFrame'
JavaScript error: resource://gre/modules/AsyncShutdown.sys.mjs, line 573: NotFoundError: No such JSWindowActor 'DevToolsFrame'
1701350030231	Marionette	INFO	Stopped listening on port 50315
Dynamically enable window occlusion 1
