1701350459530	geckodriver	INFO	Listening on 127.0.0.1:50908
1701350460059	mozrunner::runner	INFO	Running command: "C:\\Program Files\\Mozilla Firefox\\firefox.exe" "--marionette" "--remote-debugging-port" "50909" "--remote-allow-hosts" "localhost" "-no-remote" "-profile" "C:\\Users\\VDI-ST~1\\AppData\\Local\\Temp\\rust_mozprofileNQy1r9"
console.warn: services.settings: Ignoring preference override of remote settings server
console.warn: services.settings: Allow by setting MOZ_REMOTE_SETTINGS_DEVTOOLS=1 in the environment
1701350460618	Marionette	INFO	Marionette enabled
Dynamically enable window occlusion 0
1701350460704	Marionette	INFO	Listening on port 50914
WebDriver BiDi listening on ws://127.0.0.1:50909
Read port: 50914
1701350460891	RemoteAgent	WARN	TLS certificate errors will be ignored for this session
DevTools listening on ws://127.0.0.1:50909/devtools/browser/72f21722-24e8-43f5-8424-908e21fd7dd7
1701350490644	addons.xpi	ERROR	System addon update list error SyntaxError: XMLHttpRequest.open: 'http://%(server)s/dummy-system-addons.xml' is not a valid URL.
console.error: (new TypeError("nodeFront.walkerFront is null", "resource://devtools/client/inspector/markup/markup.js", 1013))
TypeError: nodeFront.walkerFront is null: _onNewSelection@resource://devtools/client/inspector/markup/markup.js:1013:7
_emit@resource://devtools/shared/event-emitter.js:242:32
emit@resource://devtools/shared/event-emitter.js:186:18
emit@resource://devtools/shared/event-emitter.js:330:18
setNodeFront@resource://devtools/client/framework/selection.js:203:10
onDetached@resource://devtools/client/inspector/inspector.js:1687:20
_emit@resource://devtools/shared/event-emitter.js:242:32
emit@resource://devtools/shared/event-emitter.js:186:18
emit@resource://devtools/shared/event-emitter.js:330:18
_onMutations@resource://devtools/client/framework/selection.js:104:12
_emit@resource://devtools/shared/event-emitter.js:242:32
emit@resource://devtools/shared/event-emitter.js:186:18
emit@resource://devtools/shared/event-emitter.js:330:18
getMutations@resource://devtools/client/fronts/walker.js:309:10

console.error: (new Error("Can not send request 'getUniqueSelector' because front 'domnode' is already destroyed.", "resource://devtools/shared/protocol/Front/FrontClassWithSpec.js", 28))
console.error: (new TypeError("container.node.targetFront is null", "resource://devtools/client/inspector/markup/markup.js", 2401))
console.warn: "Listener for event 'frame' did not return a promise."
console.warn: "Listener for event 'frame' did not return a promise."
console.warn: "Listener for event 'frame' did not return a promise."
console.warn: "Listener for event 'frame' did not return a promise."
console.warn: "Listener for event 'frame' did not return a promise."
console.warn: "Listener for event 'frame' did not return a promise."
console.warn: "Listener for event 'frame' did not return a promise."
JavaScript warning: https://pagead2.googlesyndication.com/bg/AX3dw4l-chShuz7KlUyOrqJTCrFFfFTQ1_DS3LGhDvc.js line 2 > eval line 5275 > eval line 1 > eval line 1 > eval, line 1: WEBGL_debug_renderer_info is deprecated in Firefox and will be removed. Please use RENDERER.
console.warn: "Listener for event 'frame' did not return a promise."
console.warn: "Listener for event 'frame' did not return a promise."
JavaScript error: resource://devtools/shared/network-observer/NetworkResponseListener.sys.mjs, line 583: NS_ERROR_INVALID_CONTENT_ENCODING: Component returned failure code: 0x804b001b (NS_ERROR_INVALID_CONTENT_ENCODING) [nsIStreamListener.onDataAvailable]
JavaScript error: resource://devtools/shared/network-observer/NetworkResponseListener.sys.mjs, line 583: NS_ERROR_INVALID_CONTENT_ENCODING: Component returned failure code: 0x804b001b (NS_ERROR_INVALID_CONTENT_ENCODING) [nsIStreamListener.onDataAvailable]
JavaScript error: resource://devtools/shared/network-observer/NetworkResponseListener.sys.mjs, line 583: NS_ERROR_INVALID_CONTENT_ENCODING: Component returned failure code: 0x804b001b (NS_ERROR_INVALID_CONTENT_ENCODING) [nsIStreamListener.onDataAvailable]
JavaScript error: resource://devtools/shared/network-observer/NetworkResponseListener.sys.mjs, line 583: NS_ERROR_INVALID_CONTENT_ENCODING: Component returned failure code: 0x804b001b (NS_ERROR_INVALID_CONTENT_ENCODING) [nsIStreamListener.onDataAvailable]
JavaScript error: resource://devtools/shared/network-observer/NetworkResponseListener.sys.mjs, line 583: NS_ERROR_INVALID_CONTENT_ENCODING: Component returned failure code: 0x804b001b (NS_ERROR_INVALID_CONTENT_ENCODING) [nsIStreamListener.onDataAvailable]
JavaScript error: resource://devtools/shared/network-observer/NetworkResponseListener.sys.mjs, line 583: NS_ERROR_INVALID_CONTENT_ENCODING: Component returned failure code: 0x804b001b (NS_ERROR_INVALID_CONTENT_ENCODING) [nsIStreamListener.onDataAvailable]
JavaScript error: resource://devtools/shared/network-observer/NetworkResponseListener.sys.mjs, line 583: NS_ERROR_INVALID_CONTENT_ENCODING: Component returned failure code: 0x804b001b (NS_ERROR_INVALID_CONTENT_ENCODING) [nsIStreamListener.onDataAvailable]
console.warn: "Listener for event 'frame' did not return a promise."
JavaScript error: resource://devtools/shared/network-observer/NetworkResponseListener.sys.mjs, line 583: NS_ERROR_INVALID_CONTENT_ENCODING: Component returned failure code: 0x804b001b (NS_ERROR_INVALID_CONTENT_ENCODING) [nsIStreamListener.onDataAvailable]
JavaScript error: resource://devtools/shared/network-observer/NetworkResponseListener.sys.mjs, line 583: NS_ERROR_INVALID_CONTENT_ENCODING: Component returned failure code: 0x804b001b (NS_ERROR_INVALID_CONTENT_ENCODING) [nsIStreamListener.onDataAvailable]
JavaScript error: resource://devtools/shared/network-observer/NetworkResponseListener.sys.mjs, line 583: NS_ERROR_INVALID_CONTENT_ENCODING: Component returned failure code: 0x804b001b (NS_ERROR_INVALID_CONTENT_ENCODING) [nsIStreamListener.onDataAvailable]
JavaScript error: resource://devtools/shared/network-observer/NetworkResponseListener.sys.mjs, line 583: NS_ERROR_INVALID_CONTENT_ENCODING: Component returned failure code: 0x804b001b (NS_ERROR_INVALID_CONTENT_ENCODING) [nsIStreamListener.onDataAvailable]
console.warn: "Listener for event 'frame' did not return a promise."
console.warn: "Listener for event 'frame' did not return a promise."
console.warn: "Listener for event 'frame' did not return a promise."
console.warn: "Listener for event 'frame' did not return a promise."
console.warn: "Listener for event 'frame' did not return a promise."
console.warn: "Listener for event 'frame' did not return a promise."
console.warn: "Listener for event 'frame' did not return a promise."
JavaScript warning: https://pagead2.googlesyndication.com/bg/AX3dw4l-chShuz7KlUyOrqJTCrFFfFTQ1_DS3LGhDvc.js line 2 > eval line 988 > eval line 1 > eval line 1 > eval, line 1: WEBGL_debug_renderer_info is deprecated in Firefox and will be removed. Please use RENDERER.
JavaScript warning: https://pagead2.googlesyndication.com/bg/AX3dw4l-chShuz7KlUyOrqJTCrFFfFTQ1_DS3LGhDvc.js line 2 > eval line 7733 > eval line 1 > eval line 1 > eval, line 1: WEBGL_debug_renderer_info is deprecated in Firefox and will be removed. Please use RENDERER.
JavaScript warning: https://pagead2.googlesyndication.com/bg/AX3dw4l-chShuz7KlUyOrqJTCrFFfFTQ1_DS3LGhDvc.js line 2 > eval line 6141 > eval line 1 > eval line 1 > eval, line 1: WEBGL_debug_renderer_info is deprecated in Firefox and will be removed. Please use RENDERER.
console.error: (new TypeError("parent is null", "resource://devtools/client/inspector/shared/style-change-tracker.js", 67))
TypeError: parent is null: canMutationImpactCurrentStyles@resource://devtools/client/inspector/shared/style-change-tracker.js:67:24
onMutations@resource://devtools/client/inspector/shared/style-change-tracker.js:84:41
_emit@resource://devtools/shared/event-emitter.js:242:32
emit@resource://devtools/shared/event-emitter.js:186:18
emit@resource://devtools/shared/event-emitter.js:330:18
getMutations@resource://devtools/client/fronts/walker.js:309:10

console.error: (new TypeError("parent is null", "resource://devtools/client/inspector/shared/style-change-tracker.js", 67))
TypeError: parent is null: canMutationImpactCurrentStyles@resource://devtools/client/inspector/shared/style-change-tracker.js:67:24
onMutations@resource://devtools/client/inspector/shared/style-change-tracker.js:84:41
_emit@resource://devtools/shared/event-emitter.js:242:32
emit@resource://devtools/shared/event-emitter.js:186:18
emit@resource://devtools/shared/event-emitter.js:330:18
getMutations@resource://devtools/client/fronts/walker.js:309:10

console.error: (new TypeError("parent is null", "resource://devtools/client/inspector/shared/style-change-tracker.js", 67))
TypeError: parent is null: canMutationImpactCurrentStyles@resource://devtools/client/inspector/shared/style-change-tracker.js:67:24
onMutations@resource://devtools/client/inspector/shared/style-change-tracker.js:84:41
_emit@resource://devtools/shared/event-emitter.js:242:32
emit@resource://devtools/shared/event-emitter.js:186:18
emit@resource://devtools/shared/event-emitter.js:330:18
getMutations@resource://devtools/client/fronts/walker.js:309:10

console.error: (new TypeError("parent is null", "resource://devtools/client/inspector/shared/style-change-tracker.js", 67))
TypeError: parent is null: canMutationImpactCurrentStyles@resource://devtools/client/inspector/shared/style-change-tracker.js:67:24
onMutations@resource://devtools/client/inspector/shared/style-change-tracker.js:84:41
_emit@resource://devtools/shared/event-emitter.js:242:32
emit@resource://devtools/shared/event-emitter.js:186:18
emit@resource://devtools/shared/event-emitter.js:330:18
getMutations@resource://devtools/client/fronts/walker.js:309:10

console.warn: "Listener for event 'frame' did not return a promise."
console.warn: "Listener for event 'frame' did not return a promise."
console.warn: "Listener for event 'frame' did not return a promise."
console.warn: "Listener for event 'frame' did not return a promise."
console.warn: "Listener for event 'frame' did not return a promise."
console.warn: "Listener for event 'frame' did not return a promise."
console.error: (new TypeError("parent is null", "resource://devtools/client/inspector/shared/style-change-tracker.js", 67))
TypeError: parent is null: canMutationImpactCurrentStyles@resource://devtools/client/inspector/shared/style-change-tracker.js:67:24
onMutations@resource://devtools/client/inspector/shared/style-change-tracker.js:84:41
_emit@resource://devtools/shared/event-emitter.js:242:32
emit@resource://devtools/shared/event-emitter.js:186:18
emit@resource://devtools/shared/event-emitter.js:330:18
getMutations@resource://devtools/client/fronts/walker.js:309:10

console.error: (new TypeError("parent is null", "resource://devtools/client/inspector/shared/style-change-tracker.js", 67))
TypeError: parent is null: canMutationImpactCurrentStyles@resource://devtools/client/inspector/shared/style-change-tracker.js:67:24
onMutations@resource://devtools/client/inspector/shared/style-change-tracker.js:84:41
_emit@resource://devtools/shared/event-emitter.js:242:32
emit@resource://devtools/shared/event-emitter.js:186:18
emit@resource://devtools/shared/event-emitter.js:330:18
getMutations@resource://devtools/client/fronts/walker.js:309:10

console.error: (new TypeError("parent is null", "resource://devtools/client/inspector/shared/style-change-tracker.js", 67))
TypeError: parent is null: canMutationImpactCurrentStyles@resource://devtools/client/inspector/shared/style-change-tracker.js:67:24
onMutations@resource://devtools/client/inspector/shared/style-change-tracker.js:84:41
_emit@resource://devtools/shared/event-emitter.js:242:32
emit@resource://devtools/shared/event-emitter.js:186:18
emit@resource://devtools/shared/event-emitter.js:330:18
getMutations@resource://devtools/client/fronts/walker.js:309:10

console.warn: LoginRecipes: "Falling back to a synchronous message for: https://gotujmy.pl."
console.warn: LoginRecipes: "Falling back to a synchronous message for: https://gotujmy.pl."
console.warn: LoginRecipes: "Falling back to a synchronous message for: https://gotujmy.pl."
JavaScript warning: https://www.googletagservices.com/activeview/js/current/ufs_web_display.js?cache=r20110914, line 72: Script terminated by timeout at:
n.next@https://www.googletagservices.com/activeview/js/current/ufs_web_display.js?cache=r20110914:72:842
Kc.prototype.o@https://www.googletagservices.com/activeview/js/current/ufs_web_display.js?cache=r20110914:85:601
n.next@https://www.googletagservices.com/activeview/js/current/ufs_web_display.js?cache=r20110914:72:859
next@https://www.googletagservices.com/activeview/js/current/ufs_web_display.js?cache=r20110914:107:484
n.o@https://www.googletagservices.com/activeview/js/current/ufs_web_display.js?cache=r20110914:73:224
n.next@https://www.googletagservices.com/activeview/js/current/ufs_web_display.js?cache=r20110914:72:859
Ym/</k/<@https://www.googletagservices.com/activeview/js/current/ufs_web_display.js?cache=r20110914:236:1969
Va@https://www.googletagservices.com/activeview/js/current/ufs_web_display.js?cache=r20110914:44:339
Sa.prototype.flush@https://www.googletagservices.com/activeview/js/current/ufs_web_display.js?cache=r20110914:44:147
Ua@https://www.googletagservices.com/activeview/js/current/ufs_web_display.js?cache=r20110914:43:466
Hh/c/</<@https://www.googletagservices.com/activeview/js/current/ufs_web_display.js?cache=r20110914:150:292
n.Id@https://www.googletagservices.com/activeview/js/current/ufs_web_display.js?cache=r20110914:75:428
n.next@https://www.googletagservices.com/activeview/js/current/ufs_web_display.js?cache=r20110914:74:440
n.o@https://www.googletagservices.com/activeview/js/current/ufs_web_display.js?cache=r20110914:73:224
n.next@https://www.googletagservices.com/activeview/js/current/ufs_web_display.js?cache=r20110914:72:859
Rg/</</</<@https://www.googletagservices.com/activeview/js/current/ufs_web_display.js?cache=r20110914:136:458
Qa.prototype.Ub/<@https://www.googletagservices.com/activeview/js/current/ufs_web_display.js?cache=r20110914:43:298
Rg/</</<@https://www.googletagservices.com/activeview/js/current/ufs_web_display.js?cache=r20110914:136:467
n.Id@https://www.googletagservices.com/activeview/js/current/ufs_web_display.js?cache=r20110914:75:428
n.next@https://www.googletagservices.com/activeview/js/current/ufs_web_display.js?cache=r20110914:74:440
n.o@https://www.googletagservices.com/activeview/js/current/ufs_web_display.js?cache=r20110914:73:224
n.next@https://www.googletagservices.com/activeview/js/current/ufs_web_display.js?cache=r20110914:72:859
Rg/</</</<@https://www.googletagservices.com/activeview/js/current/ufs_web_display.js?cache=r20110914:136:458
Qa.prototype.Ub/<@https://www.googletagservices.com/activeview/js/current/ufs_web_display.js?cache=r20110914:43:298
Rg/</</<@https://www.googletagservices.com/activeview/js/current/ufs_web_display.js?cache=r20110914:136:467
n.Id@https://www.googletagservices.com/activeview/js/current/ufs_web_display.js?cache=r20110914:75:428
n.next@https://www.googletagservices.com/activeview/js/current/ufs_web_display.js?cache=r20110914:74:440
n.o@https://www.googletagservices.com/activeview/js/current/ufs_web_display.js?cache=r20110914:73:224
n.next@https://www.googletagservices.com/activeview/js/current/ufs_web_display.js?cache=r20110914:72:859
nd/</<@https://www.googletagservices.com/activeview/js/current/ufs_web_display.js?cache=r20110914:93:671
EventListener.handleEvent*od@https://www.googletagservices.com/activeview/js/current/ufs_web_display.js?cache=r20110914:94:115
nd/<@https://www.googletagservices.com/activeview/js/current/ufs_web_display.js?cache=r20110914:93:587
n.Nd@https://www.googletagservices.com/activeview/js/current/ufs_web_display.js?cache=r20110914:77:34
n.subscribe@https://www.googletagservices.com/activeview/js/current/ufs_web_display.js?cache=r20110914:76:946
Rg/</<@https://www.googletagservices.com/activeview/js/current/ufs_web_display.js?cache=r20110914:136:416
n.Nd@https://www.googletagservices.com/activeview/js/current/ufs_web_display.js?cache=r20110914:77:34
n.subscribe@https://www.googletagservices.com/activeview/js/current/ufs_web_display.js?cache=r20110914:76:946
Rg/</<@https://www.googletagservices.com/activeview/js/current/ufs_web_display.js?cache=r20110914:136:416
n.Nd@https://www.googletagservices.com/activeview/js/current/ufs_web_display.js?cache=r20110914:77:34
n.subscribe@https://www.googletagservices.com/activeview/js/current/ufs_web_display.js?cache=r20110914:76:946
Hh/c/<@https://www.googletagservices.com/activeview/js/current/ufs_web_display.js?cache=r20110914:150:268
n.Nd@https://www.googletagservices.com/activeview/js/current/ufs_web_display.js?cache=r20110914:77:34
n.subscribe@https://www.googletagservices.com/activeview/js/current/ufs_web_display.js?cache=r20110914:76:946
xf.ih@https://www.googletagservices.com/activeview/js/current/ufs_web_display.js?cache=r20110914:115:1035
n.ff@https://www.googletagservices.com/activeview/js/current/ufs_web_display.js?cache=r20110914:96:339
Qd.prototype.execute@https://www.googletagservices.com/activeview/js/current/ufs_web_display.js?cache=r20110914:103:1943
sd.prototype.flush@https://www.googletagservices.com/activeview/js/current/ufs_web_display.js?cache=r20110914:97:438
Qd.prototype.C@https://www.googletagservices.com/activeview/js/current/ufs_web_display.js?cache=r20110914:103:1818
Ac.prototype.C@https://www.googletagservices.com/activeview/js/current/ufs_web_display.js?cache=r20110914:82:300
xf.prototype.fa@https://www.googletagservices.com/activeview/js/current/ufs_web_display.js?cache=r20110914:115:1103
n.subscribe@https://www.googletagservices.com/activeview/js/current/ufs_web_display.js?cache=r20110914:76:935
zf.prototype.call@https://www.googletagservices.com/activeview/js/current/ufs_web_display.js?cache=r20110914:116:77
n.subscribe@https://www.googletagservices.com/activeview/js/current/ufs_web_display.js?cache=r20110914:76:877
Fc.prototype.connect@https://www.googletagservices.com/activeview/js/current/ufs_web_display.js?cache=r20110914:83:573
Dc.prototype.call@https://www.googletagservices.com/activeview/js/current/ufs_web_display.js?cache=r20110914:82:744
n.subscribe@https://www.googletagservices.com/activeview/js/current/ufs_web_display.js?cache=r20110914:76:877
Hh/c/<@https://www.googletagservices.com/activeview/js/current/ufs_web_display.js?cache=r20110914:150:268
n.Nd@https://www.googletagservices.com/activeview/js/current/ufs_web_display.js?cache=r20110914:77:34
n.subscribe@https://www.googletagservices.com/activeview/js/current/ufs_web_display.js?cache=r20110914:76:946
Jc.prototype.call@https://www.googletagservices.com/activeview/js/current/ufs_web_display.js?cache=r20110914:85:311
n.subscribe@https://www.googletagservices.com/activeview/js/current/ufs_web_display.js?cache=r20110914:76:877
jd.prototype.call@https://www.googletagservices.com/activeview/js/current/ufs_web_display.js?cache=r20110914:91:2240
n.subscribe@https://www.googletagservices.com/activeview/js/current/ufs_web_display.js?cache=r20110914:76:877
Me.prototype.call@https://www.googletagservices.com/activeview/js/current/ufs_web_display.js?cache=r20110914:108:547
n.subscribe@https://www.googletagservices.com/activeview/js/current/ufs_web_display.js?cache=r20110914:76:877
Jc.prototype.call@https://www.googletagservices.com/activeview/js/current/ufs_web_display.js?cache=r20110914:85:311
n.subscribe@https://www.googletagservices.com/activeview/js/current/ufs_web_display.js?cache=r20110914:76:877
jr.prototype.start@https://www.googletagservices.com/activeview/js/current/ufs_web_display.js?cache=r20110914:304:245
Iq.prototype.start@https://www.googletagservices.com/activeview/js/current/ufs_web_display.js?cache=r20110914:299:109
@https://www.googletagservices.com/activeview/js/current/ufs_web_display.js?cache=r20110914:326:267
@https://www.googletagservices.com/activeview/js/current/ufs_web_display.js?cache=r20110914:326:341
@https://www.googletagservices.com/activeview/js/current/ufs_web_display.js?cache=r20110914:326:359

console.error: "Unable to find target with innerWindowId:10737418262"
console.error: "Unable to find target with innerWindowId:10737418262"
console.error: "Unable to find target with innerWindowId:10737418253"
console.error: "Unable to find target with innerWindowId:10737418253"
JavaScript error: , line 0: TypeError: NetworkError when attempting to fetch resource.
JavaScript error: , line 0: TypeError: NetworkError when attempting to fetch resource.
JavaScript error: , line 0: TypeError: NetworkError when attempting to fetch resource.
console.error: "Unable to find target with innerWindowId:10737418248"
console.error: "Unable to find target with innerWindowId:10737418248"
console.error: "Unable to find target with innerWindowId:10737418248"
console.error: "Unable to find target with innerWindowId:10737418248"
console.error: "Unable to find target with innerWindowId:6442450945"
console.error: "Unable to find target with innerWindowId:6442450945"
console.error: "Unable to find target with innerWindowId:6442450945"
console.error: "Unable to find target with innerWindowId:6442450945"
console.error: "Unable to find target with innerWindowId:6442450945"
console.error: "Unable to find target with innerWindowId:6442450945"
Handler function threw an exception: TypeError: browsingContext.currentWindowGlobal is null
Stack: isChannelFromSystemPrincipal@resource://devtools/shared/network-observer/NetworkUtils.sys.mjs:89:1
_createResource@resource://devtools/server/actors/network-monitor/network-event-actor.js:186:40
NetworkEventActor@resource://devtools/server/actors/network-monitor/network-event-actor.js:104:27
onNetworkEvent@resource://devtools/server/actors/resources/network-events.js:284:19
#createNetworkEvent@resource://devtools/shared/network-observer/NetworkObserver.sys.mjs:684:46
#onRequestHeader@resource://devtools/shared/network-observer/NetworkObserver.sys.mjs:728:29
@resource://devtools/shared/network-observer/NetworkObserver.sys.mjs:604:28
makeInfallible/<@resource://devtools/shared/DevToolsInfaillibleUtils.sys.mjs:43:22
Line: 89, column: 1
console.error: (new TypeError("browsingContext.currentWindowGlobal is null", "resource://devtools/shared/network-observer/NetworkUtils.sys.mjs", 89))
Handler function threw an exception: TypeError: browsingContext.currentWindowGlobal is null
Stack: isChannelFromSystemPrincipal@resource://devtools/shared/network-observer/NetworkUtils.sys.mjs:89:1
_createResource@resource://devtools/server/actors/network-monitor/network-event-actor.js:186:40
NetworkEventActor@resource://devtools/server/actors/network-monitor/network-event-actor.js:104:27
onNetworkEvent@resource://devtools/server/actors/resources/network-events.js:284:19
#createNetworkEvent@resource://devtools/shared/network-observer/NetworkObserver.sys.mjs:684:46
#onRequestHeader@resource://devtools/shared/network-observer/NetworkObserver.sys.mjs:728:29
@resource://devtools/shared/network-observer/NetworkObserver.sys.mjs:604:28
makeInfallible/<@resource://devtools/shared/DevToolsInfaillibleUtils.sys.mjs:43:22
Line: 89, column: 1
console.error: (new TypeError("browsingContext.currentWindowGlobal is null", "resource://devtools/shared/network-observer/NetworkUtils.sys.mjs", 89))
Handler function threw an exception: TypeError: browsingContext.currentWindowGlobal is null
Stack: isChannelFromSystemPrincipal@resource://devtools/shared/network-observer/NetworkUtils.sys.mjs:89:1
_createResource@resource://devtools/server/actors/network-monitor/network-event-actor.js:186:40
NetworkEventActor@resource://devtools/server/actors/network-monitor/network-event-actor.js:104:27
onNetworkEvent@resource://devtools/server/actors/resources/network-events.js:284:19
#createNetworkEvent@resource://devtools/shared/network-observer/NetworkObserver.sys.mjs:684:46
@resource://devtools/shared/network-observer/NetworkObserver.sys.mjs:337:33
makeInfallible/<@resource://devtools/shared/DevToolsInfaillibleUtils.sys.mjs:43:22
Line: 89, column: 1
console.error: (new TypeError("browsingContext.currentWindowGlobal is null", "resource://devtools/shared/network-observer/NetworkUtils.sys.mjs", 89))
Handler function threw an exception: TypeError: browsingContext.currentWindowGlobal is null
Stack: isChannelFromSystemPrincipal@resource://devtools/shared/network-observer/NetworkUtils.sys.mjs:89:1
_createResource@resource://devtools/server/actors/network-monitor/network-event-actor.js:186:40
NetworkEventActor@resource://devtools/server/actors/network-monitor/network-event-actor.js:104:27
onNetworkEvent@resource://devtools/server/actors/resources/network-events.js:284:19
#createNetworkEvent@resource://devtools/shared/network-observer/NetworkObserver.sys.mjs:684:46
@resource://devtools/shared/network-observer/NetworkObserver.sys.mjs:342:33
makeInfallible/<@resource://devtools/shared/DevToolsInfaillibleUtils.sys.mjs:43:22
Line: 89, column: 1
console.error: (new TypeError("browsingContext.currentWindowGlobal is null", "resource://devtools/shared/network-observer/NetworkUtils.sys.mjs", 89))
console.warn: "Listener for event 'frame' did not return a promise."
console.warn: "Listener for event 'frame' did not return a promise."
console.error: "Unable to find target with innerWindowId:6442450972"
console.error: "Unable to find target with innerWindowId:6442450972"
JavaScript error: resource://devtools/shared/network-observer/NetworkResponseListener.sys.mjs, line 583: NS_ERROR_INVALID_CONTENT_ENCODING: Component returned failure code: 0x804b001b (NS_ERROR_INVALID_CONTENT_ENCODING) [nsIStreamListener.onDataAvailable]
JavaScript error: resource://devtools/shared/network-observer/NetworkResponseListener.sys.mjs, line 583: NS_ERROR_INVALID_CONTENT_ENCODING: Component returned failure code: 0x804b001b (NS_ERROR_INVALID_CONTENT_ENCODING) [nsIStreamListener.onDataAvailable]
JavaScript error: resource://devtools/shared/network-observer/NetworkResponseListener.sys.mjs, line 583: NS_ERROR_INVALID_CONTENT_ENCODING: Component returned failure code: 0x804b001b (NS_ERROR_INVALID_CONTENT_ENCODING) [nsIStreamListener.onDataAvailable]
JavaScript error: resource://devtools/shared/network-observer/NetworkResponseListener.sys.mjs, line 583: NS_ERROR_INVALID_CONTENT_ENCODING: Component returned failure code: 0x804b001b (NS_ERROR_INVALID_CONTENT_ENCODING) [nsIStreamListener.onDataAvailable]
JavaScript error: resource://devtools/shared/network-observer/NetworkResponseListener.sys.mjs, line 583: NS_ERROR_INVALID_CONTENT_ENCODING: Component returned failure code: 0x804b001b (NS_ERROR_INVALID_CONTENT_ENCODING) [nsIStreamListener.onDataAvailable]
JavaScript error: resource://devtools/shared/network-observer/NetworkResponseListener.sys.mjs, line 583: NS_ERROR_INVALID_CONTENT_ENCODING: Component returned failure code: 0x804b001b (NS_ERROR_INVALID_CONTENT_ENCODING) [nsIStreamListener.onDataAvailable]
JavaScript error: resource://devtools/shared/network-observer/NetworkResponseListener.sys.mjs, line 583: NS_ERROR_INVALID_CONTENT_ENCODING: Component returned failure code: 0x804b001b (NS_ERROR_INVALID_CONTENT_ENCODING) [nsIStreamListener.onDataAvailable]
JavaScript error: resource://devtools/shared/network-observer/NetworkResponseListener.sys.mjs, line 583: NS_ERROR_INVALID_CONTENT_ENCODING: Component returned failure code: 0x804b001b (NS_ERROR_INVALID_CONTENT_ENCODING) [nsIStreamListener.onDataAvailable]
JavaScript error: resource://devtools/shared/network-observer/NetworkResponseListener.sys.mjs, line 583: NS_ERROR_INVALID_CONTENT_ENCODING: Component returned failure code: 0x804b001b (NS_ERROR_INVALID_CONTENT_ENCODING) [nsIStreamListener.onDataAvailable]
JavaScript error: resource://devtools/shared/network-observer/NetworkResponseListener.sys.mjs, line 583: NS_ERROR_INVALID_CONTENT_ENCODING: Component returned failure code: 0x804b001b (NS_ERROR_INVALID_CONTENT_ENCODING) [nsIStreamListener.onDataAvailable]
JavaScript error: resource://devtools/shared/network-observer/NetworkResponseListener.sys.mjs, line 583: NS_ERROR_INVALID_CONTENT_ENCODING: Component returned failure code: 0x804b001b (NS_ERROR_INVALID_CONTENT_ENCODING) [nsIStreamListener.onDataAvailable]
JavaScript error: resource://devtools/shared/network-observer/NetworkResponseListener.sys.mjs, line 583: NS_ERROR_INVALID_CONTENT_ENCODING: Component returned failure code: 0x804b001b (NS_ERROR_INVALID_CONTENT_ENCODING) [nsIStreamListener.onDataAvailable]
JavaScript error: resource://devtools/shared/network-observer/NetworkResponseListener.sys.mjs, line 583: NS_ERROR_INVALID_CONTENT_ENCODING: Component returned failure code: 0x804b001b (NS_ERROR_INVALID_CONTENT_ENCODING) [nsIStreamListener.onDataAvailable]
JavaScript error: resource://devtools/shared/network-observer/NetworkResponseListener.sys.mjs, line 583: NS_ERROR_INVALID_CONTENT_ENCODING: Component returned failure code: 0x804b001b (NS_ERROR_INVALID_CONTENT_ENCODING) [nsIStreamListener.onDataAvailable]
JavaScript error: resource://devtools/shared/network-observer/NetworkResponseListener.sys.mjs, line 583: NS_ERROR_INVALID_CONTENT_ENCODING: Component returned failure code: 0x804b001b (NS_ERROR_INVALID_CONTENT_ENCODING) [nsIStreamListener.onDataAvailable]
JavaScript error: resource://devtools/shared/network-observer/NetworkResponseListener.sys.mjs, line 583: NS_ERROR_INVALID_CONTENT_ENCODING: Component returned failure code: 0x804b001b (NS_ERROR_INVALID_CONTENT_ENCODING) [nsIStreamListener.onDataAvailable]
JavaScript error: resource://devtools/shared/network-observer/NetworkResponseListener.sys.mjs, line 583: NS_ERROR_INVALID_CONTENT_ENCODING: Component returned failure code: 0x804b001b (NS_ERROR_INVALID_CONTENT_ENCODING) [nsIStreamListener.onDataAvailable]
JavaScript error: resource://devtools/shared/network-observer/NetworkResponseListener.sys.mjs, line 583: NS_ERROR_INVALID_CONTENT_ENCODING: Component returned failure code: 0x804b001b (NS_ERROR_INVALID_CONTENT_ENCODING) [nsIStreamListener.onDataAvailable]
JavaScript error: resource://devtools/shared/network-observer/NetworkResponseListener.sys.mjs, line 583: NS_ERROR_INVALID_CONTENT_ENCODING: Component returned failure code: 0x804b001b (NS_ERROR_INVALID_CONTENT_ENCODING) [nsIStreamListener.onDataAvailable]
JavaScript error: resource://devtools/shared/network-observer/NetworkResponseListener.sys.mjs, line 583: NS_ERROR_INVALID_CONTENT_ENCODING: Component returned failure code: 0x804b001b (NS_ERROR_INVALID_CONTENT_ENCODING) [nsIStreamListener.onDataAvailable]
JavaScript error: resource://devtools/shared/network-observer/NetworkResponseListener.sys.mjs, line 583: NS_ERROR_INVALID_CONTENT_ENCODING: Component returned failure code: 0x804b001b (NS_ERROR_INVALID_CONTENT_ENCODING) [nsIStreamListener.onDataAvailable]
JavaScript error: resource://devtools/shared/network-observer/NetworkResponseListener.sys.mjs, line 583: NS_ERROR_INVALID_CONTENT_ENCODING: Component returned failure code: 0x804b001b (NS_ERROR_INVALID_CONTENT_ENCODING) [nsIStreamListener.onDataAvailable]
JavaScript error: resource://devtools/shared/network-observer/NetworkResponseListener.sys.mjs, line 583: NS_ERROR_INVALID_CONTENT_ENCODING: Component returned failure code: 0x804b001b (NS_ERROR_INVALID_CONTENT_ENCODING) [nsIStreamListener.onDataAvailable]
JavaScript error: resource://devtools/shared/network-observer/NetworkResponseListener.sys.mjs, line 583: NS_ERROR_INVALID_CONTENT_ENCODING: Component returned failure code: 0x804b001b (NS_ERROR_INVALID_CONTENT_ENCODING) [nsIStreamListener.onDataAvailable]
JavaScript error: resource://devtools/shared/network-observer/NetworkResponseListener.sys.mjs, line 583: NS_ERROR_INVALID_CONTENT_ENCODING: Component returned failure code: 0x804b001b (NS_ERROR_INVALID_CONTENT_ENCODING) [nsIStreamListener.onDataAvailable]
JavaScript error: resource://devtools/shared/network-observer/NetworkResponseListener.sys.mjs, line 583: NS_ERROR_INVALID_CONTENT_ENCODING: Component returned failure code: 0x804b001b (NS_ERROR_INVALID_CONTENT_ENCODING) [nsIStreamListener.onDataAvailable]
JavaScript error: resource://devtools/shared/network-observer/NetworkResponseListener.sys.mjs, line 583: NS_ERROR_INVALID_CONTENT_ENCODING: Component returned failure code: 0x804b001b (NS_ERROR_INVALID_CONTENT_ENCODING) [nsIStreamListener.onDataAvailable]
JavaScript error: resource://devtools/shared/network-observer/NetworkResponseListener.sys.mjs, line 583: NS_ERROR_INVALID_CONTENT_ENCODING: Component returned failure code: 0x804b001b (NS_ERROR_INVALID_CONTENT_ENCODING) [nsIStreamListener.onDataAvailable]
JavaScript error: resource://devtools/shared/network-observer/NetworkResponseListener.sys.mjs, line 583: NS_ERROR_INVALID_CONTENT_ENCODING: Component returned failure code: 0x804b001b (NS_ERROR_INVALID_CONTENT_ENCODING) [nsIStreamListener.onDataAvailable]
JavaScript error: resource://devtools/shared/network-observer/NetworkResponseListener.sys.mjs, line 583: NS_ERROR_INVALID_CONTENT_ENCODING: Component returned failure code: 0x804b001b (NS_ERROR_INVALID_CONTENT_ENCODING) [nsIStreamListener.onDataAvailable]
JavaScript error: resource://devtools/shared/network-observer/NetworkResponseListener.sys.mjs, line 583: NS_ERROR_INVALID_CONTENT_ENCODING: Component returned failure code: 0x804b001b (NS_ERROR_INVALID_CONTENT_ENCODING) [nsIStreamListener.onDataAvailable]
JavaScript error: resource://devtools/shared/network-observer/NetworkResponseListener.sys.mjs, line 583: NS_ERROR_INVALID_CONTENT_ENCODING: Component returned failure code: 0x804b001b (NS_ERROR_INVALID_CONTENT_ENCODING) [nsIStreamListener.onDataAvailable]
JavaScript error: resource://devtools/shared/network-observer/NetworkResponseListener.sys.mjs, line 583: NS_ERROR_INVALID_CONTENT_ENCODING: Component returned failure code: 0x804b001b (NS_ERROR_INVALID_CONTENT_ENCODING) [nsIStreamListener.onDataAvailable]
JavaScript error: resource://devtools/shared/network-observer/NetworkResponseListener.sys.mjs, line 583: NS_ERROR_INVALID_CONTENT_ENCODING: Component returned failure code: 0x804b001b (NS_ERROR_INVALID_CONTENT_ENCODING) [nsIStreamListener.onDataAvailable]
JavaScript error: resource://devtools/shared/network-observer/NetworkResponseListener.sys.mjs, line 583: NS_ERROR_INVALID_CONTENT_ENCODING: Component returned failure code: 0x804b001b (NS_ERROR_INVALID_CONTENT_ENCODING) [nsIStreamListener.onDataAvailable]
JavaScript error: resource://devtools/shared/network-observer/NetworkResponseListener.sys.mjs, line 583: NS_ERROR_INVALID_CONTENT_ENCODING: Component returned failure code: 0x804b001b (NS_ERROR_INVALID_CONTENT_ENCODING) [nsIStreamListener.onDataAvailable]
JavaScript error: resource://devtools/shared/network-observer/NetworkResponseListener.sys.mjs, line 583: NS_ERROR_INVALID_CONTENT_ENCODING: Component returned failure code: 0x804b001b (NS_ERROR_INVALID_CONTENT_ENCODING) [nsIStreamListener.onDataAvailable]
JavaScript error: resource://devtools/shared/network-observer/NetworkResponseListener.sys.mjs, line 583: NS_ERROR_INVALID_CONTENT_ENCODING: Component returned failure code: 0x804b001b (NS_ERROR_INVALID_CONTENT_ENCODING) [nsIStreamListener.onDataAvailable]
JavaScript error: resource://devtools/shared/network-observer/NetworkResponseListener.sys.mjs, line 583: NS_ERROR_INVALID_CONTENT_ENCODING: Component returned failure code: 0x804b001b (NS_ERROR_INVALID_CONTENT_ENCODING) [nsIStreamListener.onDataAvailable]
JavaScript error: resource://devtools/shared/network-observer/NetworkResponseListener.sys.mjs, line 583: NS_ERROR_INVALID_CONTENT_ENCODING: Component returned failure code: 0x804b001b (NS_ERROR_INVALID_CONTENT_ENCODING) [nsIStreamListener.onDataAvailable]
JavaScript error: resource://devtools/shared/network-observer/NetworkResponseListener.sys.mjs, line 583: NS_ERROR_INVALID_CONTENT_ENCODING: Component returned failure code: 0x804b001b (NS_ERROR_INVALID_CONTENT_ENCODING) [nsIStreamListener.onDataAvailable]
JavaScript error: resource://devtools/shared/network-observer/NetworkResponseListener.sys.mjs, line 583: NS_ERROR_INVALID_CONTENT_ENCODING: Component returned failure code: 0x804b001b (NS_ERROR_INVALID_CONTENT_ENCODING) [nsIStreamListener.onDataAvailable]
JavaScript error: resource://devtools/shared/network-observer/NetworkResponseListener.sys.mjs, line 583: NS_ERROR_INVALID_CONTENT_ENCODING: Component returned failure code: 0x804b001b (NS_ERROR_INVALID_CONTENT_ENCODING) [nsIStreamListener.onDataAvailable]
JavaScript error: resource://devtools/shared/network-observer/NetworkResponseListener.sys.mjs, line 583: NS_ERROR_INVALID_CONTENT_ENCODING: Component returned failure code: 0x804b001b (NS_ERROR_INVALID_CONTENT_ENCODING) [nsIStreamListener.onDataAvailable]
JavaScript error: resource://devtools/shared/network-observer/NetworkResponseListener.sys.mjs, line 583: NS_ERROR_INVALID_CONTENT_ENCODING: Component returned failure code: 0x804b001b (NS_ERROR_INVALID_CONTENT_ENCODING) [nsIStreamListener.onDataAvailable]
JavaScript error: resource://devtools/shared/network-observer/NetworkResponseListener.sys.mjs, line 583: NS_ERROR_INVALID_CONTENT_ENCODING: Component returned failure code: 0x804b001b (NS_ERROR_INVALID_CONTENT_ENCODING) [nsIStreamListener.onDataAvailable]
JavaScript error: resource://devtools/shared/network-observer/NetworkResponseListener.sys.mjs, line 583: NS_ERROR_INVALID_CONTENT_ENCODING: Component returned failure code: 0x804b001b (NS_ERROR_INVALID_CONTENT_ENCODING) [nsIStreamListener.onDataAvailable]
console.error: "Unable to find target with innerWindowId:6442450972"
JavaScript error: resource://devtools/shared/network-observer/NetworkResponseListener.sys.mjs, line 583: NS_ERROR_INVALID_CONTENT_ENCODING: Component returned failure code: 0x804b001b (NS_ERROR_INVALID_CONTENT_ENCODING) [nsIStreamListener.onDataAvailable]
JavaScript error: resource://devtools/shared/network-observer/NetworkResponseListener.sys.mjs, line 583: NS_ERROR_INVALID_CONTENT_ENCODING: Component returned failure code: 0x804b001b (NS_ERROR_INVALID_CONTENT_ENCODING) [nsIStreamListener.onDataAvailable]
JavaScript error: resource://devtools/shared/network-observer/NetworkResponseListener.sys.mjs, line 583: NS_ERROR_INVALID_CONTENT_ENCODING: Component returned failure code: 0x804b001b (NS_ERROR_INVALID_CONTENT_ENCODING) [nsIStreamListener.onDataAvailable]
JavaScript error: resource://devtools/shared/network-observer/NetworkResponseListener.sys.mjs, line 583: NS_ERROR_INVALID_CONTENT_ENCODING: Component returned failure code: 0x804b001b (NS_ERROR_INVALID_CONTENT_ENCODING) [nsIStreamListener.onDataAvailable]
JavaScript error: resource://devtools/shared/network-observer/NetworkResponseListener.sys.mjs, line 583: NS_ERROR_INVALID_CONTENT_ENCODING: Component returned failure code: 0x804b001b (NS_ERROR_INVALID_CONTENT_ENCODING) [nsIStreamListener.onDataAvailable]
console.error: "Unable to find target with innerWindowId:6442450972"
console.warn: "Listener for event 'frame' did not return a promise."
console.warn: "Listener for event 'frame' did not return a promise."
console.warn: "Listener for event 'frame' did not return a promise."
console.warn: "Listener for event 'frame' did not return a promise."
console.warn: "Listener for event 'frame' did not return a promise."
JavaScript warning: https://pagead2.googlesyndication.com/bg/AX3dw4l-chShuz7KlUyOrqJTCrFFfFTQ1_DS3LGhDvc.js line 2 > eval line 6901 > eval line 1 > eval line 1 > eval, line 1: WEBGL_debug_renderer_info is deprecated in Firefox and will be removed. Please use RENDERER.
JavaScript error: resource://devtools/shared/network-observer/NetworkResponseListener.sys.mjs, line 583: NS_ERROR_INVALID_CONTENT_ENCODING: Component returned failure code: 0x804b001b (NS_ERROR_INVALID_CONTENT_ENCODING) [nsIStreamListener.onDataAvailable]
JavaScript error: resource://devtools/shared/network-observer/NetworkResponseListener.sys.mjs, line 583: NS_ERROR_INVALID_CONTENT_ENCODING: Component returned failure code: 0x804b001b (NS_ERROR_INVALID_CONTENT_ENCODING) [nsIStreamListener.onDataAvailable]
JavaScript error: resource://devtools/shared/network-observer/NetworkResponseListener.sys.mjs, line 583: NS_ERROR_INVALID_CONTENT_ENCODING: Component returned failure code: 0x804b001b (NS_ERROR_INVALID_CONTENT_ENCODING) [nsIStreamListener.onDataAvailable]
